2026-03-30 07:50:10,988 - enhanced_business - INFO - projects_listed - USER:18 - {'total_projects': 2, 'page': 1, 'per_page': 20, 'filtered_by_status': None, 'filtered_by_manager': None, 'search_term': '', 'only_my_projects': False}
2026-03-30 07:50:10,995 - enhanced_business - INFO - 获取仪表盘统计 - USER:18 - {'my_tasks': 0, 'overdue_tasks': 0, 'my_bugs': 0, 'new_bugs': 27, 'fixed_bugs': 1, 'active_projects': 2, 'my_completion_rate': 0, 'days': 30}
2026-03-30 07:52:19,522 - enhanced_business - INFO - projects_listed - USER:18 - {'total_projects': 2, 'page': 1, 'per_page': 20, 'filtered_by_status': None, 'filtered_by_manager': None, 'search_term': '', 'only_my_projects': False}
2026-03-30 07:52:19,526 - enhanced_business - INFO - 获取仪表盘统计 - USER:18 - {'my_tasks': 0, 'overdue_tasks': 0, 'my_bugs': 0, 'new_bugs': 27, 'fixed_bugs': 1, 'active_projects': 2, 'my_completion_rate': 0, 'days': 30}
2026-03-30 07:52:30,538 - enhanced_business - INFO - users_listed - USER:18 - {'total_users': 19, 'page': 1, 'per_page': 20, 'filtered_by_role': None, 'filtered_by_department': None, 'search_term': ''}
2026-03-30 07:55:18,307 - enhanced_business - INFO - projects_listed - USER:18 - {'total_projects': 2, 'page': 1, 'per_page': 20, 'filtered_by_status': None, 'filtered_by_manager': None, 'search_term': '', 'only_my_projects': False}
2026-03-30 07:55:18,349 - enhanced_business - INFO - 获取仪表盘统计 - USER:18 - {'my_tasks': 0, 'overdue_tasks': 0, 'my_bugs': 0, 'new_bugs': 27, 'fixed_bugs': 1, 'active_projects': 2, 'my_completion_rate': 0, 'days': 30}
2026-03-30 07:56:04,993 - enhanced_business - INFO - 获取仪表盘统计 - USER:1 - {'my_tasks': 0, 'overdue_tasks': 0, 'my_bugs': 2, 'new_bugs': 30, 'fixed_bugs': 1, 'active_projects': 3, 'my_completion_rate': 0, 'days': 30}
2026-03-30 07:56:05,038 - enhanced_business - INFO - projects_listed - USER:1 - {'total_projects': 3, 'page': 1, 'per_page': 20, 'filtered_by_status': None, 'filtered_by_manager': None, 'search_term': '', 'only_my_projects': False}
2026-03-30 07:56:27,089 - enhanced_business - INFO - users_listed - USER:1 - {'total_users': 19, 'page': 1, 'per_page': 20, 'filtered_by_role': None, 'filtered_by_department': None, 'search_term': ''}
2026-03-30 07:56:27,091 - enhanced_business - INFO - projects_listed - USER:1 - {'total_projects': 3, 'page': 1, 'per_page': 20, 'filtered_by_status': None, 'filtered_by_manager': None, 'search_term': '', 'only_my_projects': False}
2026-03-30 07:56:51,537 - enhanced_business - INFO - projects_listed - USER:1 - {'total_projects': 3, 'page': 1, 'per_page': 20, 'filtered_by_status': None, 'filtered_by_manager': None, 'search_term': '', 'only_my_projects': False}
2026-03-30 07:56:51,540 - enhanced_business - INFO - users_listed - USER:1 - {'total_users': 19, 'page': 1, 'per_page': 20, 'filtered_by_role': None, 'filtered_by_department': None, 'search_term': ''}
2026-03-30 07:57:11,533 - enhanced_business - INFO - users_listed - USER:1 - {'total_users': 19, 'page': 1, 'per_page': 20, 'filtered_by_role': None, 'filtered_by_department': None, 'search_term': ''}
2026-03-30 07:57:11,533 - enhanced_business - INFO - projects_listed - USER:1 - {'total_projects': 3, 'page': 1, 'per_page': 100, 'filtered_by_status': '', 'filtered_by_manager': None, 'search_term': '', 'only_my_projects': False}
2026-03-30 07:57:19,065 - enhanced_business - INFO - projects_listed - USER:18 - {'total_projects': 2, 'page': 1, 'per_page': 20, 'filtered_by_status': None, 'filtered_by_manager': None, 'search_term': '', 'only_my_projects': False}
2026-03-30 07:57:19,085 - enhanced_business - INFO - 获取仪表盘统计 - USER:18 - {'my_tasks': 0, 'overdue_tasks': 0, 'my_bugs': 0, 'new_bugs': 27, 'fixed_bugs': 1, 'active_projects': 2, 'my_completion_rate': 0, 'days': 30}
2026-03-30 07:59:21,021 - enhanced_business - INFO - projects_listed - USER:1 - {'total_projects': 2, 'page': 1, 'per_page': 20, 'filtered_by_status': None, 'filtered_by_manager': None, 'search_term': '', 'only_my_projects': False}
2026-03-30 07:59:21,034 - enhanced_business - INFO - 获取仪表盘统计 - USER:1 - {'my_tasks': 0, 'overdue_tasks': 0, 'my_bugs': 2, 'new_bugs': 27, 'fixed_bugs': 2, 'active_projects': 2, 'my_completion_rate': 0, 'days': 30}
2026-03-30 07:59:38,990 - enhanced_business - INFO - users_listed - USER:1 - {'total_users': 19, 'page': 1, 'per_page': 20, 'filtered_by_role': None, 'filtered_by_department': None, 'search_term': ''}
2026-03-30 08:01:22,892 - enhanced_business - INFO - projects_listed - USER:1 - {'total_projects': 2, 'page': 1, 'per_page': 20, 'filtered_by_status': None, 'filtered_by_manager': None, 'search_term': '', 'only_my_projects': False}
2026-03-30 08:01:22,911 - enhanced_business - INFO - 获取仪表盘统计 - USER:1 - {'my_tasks': 0, 'overdue_tasks': 0, 'my_bugs': 2, 'new_bugs': 27, 'fixed_bugs': 2, 'active_projects': 2, 'my_completion_rate': 0, 'days': 30}
2026-03-30 08:01:41,168 - enhanced_business - INFO - projects_listed - USER:18 - {'total_projects': 2, 'page': 1, 'per_page': 20, 'filtered_by_status': None, 'filtered_by_manager': None, 'search_term': '', 'only_my_projects': False}
2026-03-30 08:01:41,174 - enhanced_business - INFO - 获取仪表盘统计 - USER:18 - {'my_tasks': 0, 'overdue_tasks': 0, 'my_bugs': 0, 'new_bugs': 27, 'fixed_bugs': 2, 'active_projects': 2, 'my_completion_rate': 0, 'days': 30}
2026-03-30 08:03:42,453 - enhanced_business - INFO - 获取仪表盘统计 - USER:1 - {'my_tasks': 0, 'overdue_tasks': 0, 'my_bugs': 2, 'new_bugs': 27, 'fixed_bugs': 2, 'active_projects': 2, 'my_completion_rate': 0, 'days': 30}
2026-03-30 08:03:42,521 - enhanced_business - INFO - projects_listed - USER:1 - {'total_projects': 2, 'page': 1, 'per_page': 20, 'filtered_by_status': None, 'filtered_by_manager': None, 'search_term': '', 'only_my_projects': False}
2026-03-30 08:10:13,225 - enhanced_business - INFO - projects_listed - USER:1 - {'total_projects': 2, 'page': 1, 'per_page': 20, 'filtered_by_status': None, 'filtered_by_manager': None, 'search_term': '', 'only_my_projects': False}
2026-03-30 08:10:13,232 - enhanced_business - INFO - 获取仪表盘统计 - USER:1 - {'my_tasks': 0, 'overdue_tasks': 0, 'my_bugs': 2, 'new_bugs': 27, 'fixed_bugs': 2, 'active_projects': 2, 'my_completion_rate': 0, 'days': 30}
2026-03-30 08:37:29,037 - enhanced_business - INFO - projects_listed - USER:1 - {'total_projects': 2, 'page': 1, 'per_page': 100, 'filtered_by_status': '', 'filtered_by_manager': None, 'search_term': '', 'only_my_projects': False}
2026-03-30 08:37:29,039 - enhanced_business - INFO - users_listed - USER:1 - {'total_users': 19, 'page': 1, 'per_page': 20, 'filtered_by_role': None, 'filtered_by_department': None, 'search_term': ''}
2026-03-30 08:38:30,622 - enhanced_business - INFO - users_listed - USER:1 - {'total_users': 19, 'page': 1, 'per_page': 20, 'filtered_by_role': None, 'filtered_by_department': None, 'search_term': ''}
2026-03-30 08:38:30,625 - enhanced_business - INFO - projects_listed - USER:1 - {'total_projects': 2, 'page': 1, 'per_page': 20, 'filtered_by_status': None, 'filtered_by_manager': None, 'search_term': '', 'only_my_projects': False}
2026-03-30 08:39:06,494 - enhanced_business - INFO - projects_listed - USER:1 - {'total_projects': 2, 'page': 1, 'per_page': 20, 'filtered_by_status': None, 'filtered_by_manager': None, 'search_term': '', 'only_my_projects': False}
2026-03-30 08:39:06,626 - enhanced_business - INFO - 获取仪表盘统计 - USER:1 - {'my_tasks': 0, 'overdue_tasks': 0, 'my_bugs': 8, 'new_bugs': 487, 'fixed_bugs': 2, 'active_projects': 2, 'my_completion_rate': 0, 'days': 30}
2026-03-30 08:39:16,424 - enhanced_business - INFO - projects_listed - USER:1 - {'total_projects': 2, 'page': 1, 'per_page': 20, 'filtered_by_status': None, 'filtered_by_manager': None, 'search_term': '', 'only_my_projects': False}
2026-03-30 08:39:16,462 - enhanced_business - INFO - 获取仪表盘统计 - USER:1 - {'my_tasks': 0, 'overdue_tasks': 0, 'my_bugs': 8, 'new_bugs': 487, 'fixed_bugs': 2, 'active_projects': 2, 'my_completion_rate': 0, 'days': 30}
2026-03-30 08:40:39,632 - enhanced_business - INFO - projects_listed - USER:1 - {'total_projects': 3, 'page': 1, 'per_page': 20, 'filtered_by_status': None, 'filtered_by_manager': None, 'search_term': '', 'only_my_projects': False}
2026-03-30 08:40:39,672 - enhanced_business - INFO - 获取仪表盘统计 - USER:1 - {'my_tasks': 0, 'overdue_tasks': 0, 'my_bugs': 8, 'new_bugs': 490, 'fixed_bugs': 2, 'active_projects': 3, 'my_completion_rate': 0, 'days': 30}
2026-03-30 08:42:16,480 - enhanced_business - INFO - users_listed - USER:1 - {'total_users': 19, 'page': 1, 'per_page': 20, 'filtered_by_role': None, 'filtered_by_department': None, 'search_term': ''}
2026-03-30 08:42:29,602 - enhanced_business - INFO - user_deleted - USER:1 - {'username': 'test_user_1774518480', 'email': 'test_1774518480@example.com', 'role': 'user', 'department': ''}
2026-03-30 08:42:29,629 - enhanced_business - INFO - users_listed - USER:1 - {'total_users': 18, 'page': 1, 'per_page': 20, 'filtered_by_role': None, 'filtered_by_department': None, 'search_term': ''}
2026-03-30 08:42:31,821 - enhanced_business - INFO - user_deleted - USER:1 - {'username': 'test_user_1774518041', 'email': 'test_1774518041@example.com', 'role': 'user', 'department': ''}
2026-03-30 08:42:31,843 - enhanced_business - INFO - users_listed - USER:1 - {'total_users': 17, 'page': 1, 'per_page': 20, 'filtered_by_role': None, 'filtered_by_department': None, 'search_term': ''}
2026-03-30 08:42:34,103 - enhanced_business - INFO - user_deleted - USER:1 - {'username': 'test_user_1774517500', 'email': 'test_1774517500@example.com', 'role': 'user', 'department': ''}
2026-03-30 08:42:34,126 - enhanced_business - INFO - users_listed - USER:1 - {'total_users': 16, 'page': 1, 'per_page': 20, 'filtered_by_role': None, 'filtered_by_department': None, 'search_term': ''}
2026-03-30 08:42:35,637 - enhanced_business - INFO - user_deleted - USER:1 - {'username': 'testuser123', 'email': 'test@test.com', 'role': 'user', 'department': ''}
2026-03-30 08:42:35,661 - enhanced_business - INFO - users_listed - USER:1 - {'total_users': 15, 'page': 1, 'per_page': 20, 'filtered_by_role': None, 'filtered_by_department': None, 'search_term': ''}
2026-03-30 08:42:37,461 - enhanced_business - INFO - user_deleted - USER:1 - {'username': 'test_developer', 'email': 'dev@test.com', 'role': 'software_engineer', 'department': None}
2026-03-30 08:42:37,486 - enhanced_business - INFO - users_listed - USER:1 - {'total_users': 14, 'page': 1, 'per_page': 20, 'filtered_by_role': None, 'filtered_by_department': None, 'search_term': ''}
2026-03-30 08:43:06,335 - enhanced_business - INFO - user_updated - USER:1 - {'username': 'project_manager', 'updated_fields': ['username', 'email', 'first_name', 'last_name', 'department', 'position', 'work_language', 'role', 'is_active'], 'email': 'pm@test.com', 'role': 'project_manager', 'is_active': True}
2026-03-30 08:43:06,388 - enhanced_business - INFO - users_listed - USER:1 - {'total_users': 14, 'page': 1, 'per_page': 20, 'filtered_by_role': None, 'filtered_by_department': None, 'search_term': ''}
2026-03-30 08:43:09,007 - enhanced_business - INFO - projects_listed - USER:1 - {'total_projects': 3, 'page': 1, 'per_page': 20, 'filtered_by_status': None, 'filtered_by_manager': None, 'search_term': '', 'only_my_projects': False}
2026-03-30 08:43:09,072 - enhanced_business - INFO - 获取仪表盘统计 - USER:1 - {'my_tasks': 0, 'overdue_tasks': 0, 'my_bugs': 8, 'new_bugs': 490, 'fixed_bugs': 2, 'active_projects': 3, 'my_completion_rate': 0, 'days': 30}
2026-03-30 09:04:54,073 - enhanced_business - INFO - projects_listed - USER:1 - {'total_projects': 3, 'page': 1, 'per_page': 20, 'filtered_by_status': None, 'filtered_by_manager': None, 'search_term': '', 'only_my_projects': False}
2026-03-30 09:04:54,120 - enhanced_business - INFO - 获取仪表盘统计 - USER:1 - {'my_tasks': 0, 'overdue_tasks': 0, 'my_bugs': 8, 'new_bugs': 490, 'fixed_bugs': 2, 'active_projects': 3, 'my_completion_rate': 0, 'days': 30}
2026-03-30 10:42:16,823 - enhanced_business - INFO - projects_listed - USER:1 - {'total_projects': 3, 'page': 1, 'per_page': 20, 'filtered_by_status': None, 'filtered_by_manager': None, 'search_term': '', 'only_my_projects': False}
2026-03-30 10:42:16,871 - enhanced_business - INFO - 获取仪表盘统计 - USER:1 - {'my_tasks': 0, 'overdue_tasks': 0, 'my_bugs': 8, 'new_bugs': 490, 'fixed_bugs': 2, 'active_projects': 3, 'my_completion_rate': 0, 'days': 30}
2026-03-30 10:42:54,755 - enhanced_business - INFO - projects_listed - USER:1 - {'total_projects': 3, 'page': 1, 'per_page': 20, 'filtered_by_status': None, 'filtered_by_manager': None, 'search_term': '', 'only_my_projects': False}
2026-03-30 10:42:54,756 - enhanced_business - INFO - users_listed - USER:1 - {'total_users': 15, 'page': 1, 'per_page': 20, 'filtered_by_role': None, 'filtered_by_department': None, 'search_term': ''}
2026-03-30 10:43:16,680 - enhanced_business - INFO - projects_listed - USER:1 - {'total_projects': 3, 'page': 1, 'per_page': 20, 'filtered_by_status': None, 'filtered_by_manager': None, 'search_term': '', 'only_my_projects': False}
2026-03-30 10:43:16,724 - enhanced_business - INFO - 获取仪表盘统计 - USER:1 - {'my_tasks': 0, 'overdue_tasks': 0, 'my_bugs': 8, 'new_bugs': 490, 'fixed_bugs': 2, 'active_projects': 3, 'my_completion_rate': 0, 'days': 30}
2026-03-30 10:44:05,990 - enhanced_business - INFO - users_listed - USER:1 - {'total_users': 15, 'page': 1, 'per_page': 20, 'filtered_by_role': None, 'filtered_by_department': None, 'search_term': ''}
2026-03-30 10:44:31,290 - enhanced_business - INFO - users_listed - USER:1 - {'total_users': 15, 'page': 1, 'per_page': 20, 'filtered_by_role': None, 'filtered_by_department': None, 'search_term': ''}
2026-03-30 10:45:08,772 - enhanced_business - INFO - users_listed - USER:1 - {'total_users': 15, 'page': 1, 'per_page': 20, 'filtered_by_role': None, 'filtered_by_department': None, 'search_term': ''}
2026-03-30 10:45:08,775 - enhanced_business - INFO - projects_listed - USER:1 - {'total_projects': 3, 'page': 1, 'per_page': 100, 'filtered_by_status': '', 'filtered_by_manager': None, 'search_term': '', 'only_my_projects': False}
2026-03-30 10:45:16,713 - enhanced_business - INFO - users_listed - USER:1 - {'total_users': 15, 'page': 1, 'per_page': 20, 'filtered_by_role': None, 'filtered_by_department': None, 'search_term': ''}
2026-03-30 10:45:16,724 - enhanced_business - INFO - projects_listed - USER:1 - {'total_projects': 3, 'page': 1, 'per_page': 100, 'filtered_by_status': '', 'filtered_by_manager': None, 'search_term': '', 'only_my_projects': False}
2026-03-30 10:45:41,235 - enhanced_business - INFO - projects_listed - USER:1 - {'total_projects': 2, 'page': 1, 'per_page': 20, 'filtered_by_status': None, 'filtered_by_manager': None, 'search_term': '', 'only_my_projects': False}
2026-03-30 10:45:41,305 - enhanced_business - INFO - 获取仪表盘统计 - USER:1 - {'my_tasks': 0, 'overdue_tasks': 0, 'my_bugs': 8, 'new_bugs': 487, 'fixed_bugs': 2, 'active_projects': 2, 'my_completion_rate': 0, 'days': 30}
2026-03-30 10:45:43,743 - enhanced_business - INFO - projects_listed - USER:1 - {'total_projects': 2, 'page': 1, 'per_page': 100, 'filtered_by_status': '', 'filtered_by_manager': None, 'search_term': '', 'only_my_projects': False}
2026-03-30 10:45:43,752 - enhanced_business - INFO - users_listed - USER:1 - {'total_users': 15, 'page': 1, 'per_page': 20, 'filtered_by_role': None, 'filtered_by_department': None, 'search_term': ''}
2026-03-30 10:45:46,461 - enhanced_business - INFO - users_listed - USER:1 - {'total_users': 15, 'page': 1, 'per_page': 20, 'filtered_by_role': None, 'filtered_by_department': None, 'search_term': ''}
2026-03-30 10:49:39,127 - enhanced_business - INFO - projects_listed - USER:1 - {'total_projects': 2, 'page': 1, 'per_page': 20, 'filtered_by_status': None, 'filtered_by_manager': None, 'search_term': '', 'only_my_projects': False}
2026-03-30 10:49:39,170 - enhanced_business - INFO - 获取仪表盘统计 - USER:1 - {'my_tasks': 0, 'overdue_tasks': 0, 'my_bugs': 8, 'new_bugs': 487, 'fixed_bugs': 2, 'active_projects': 2, 'my_completion_rate': 0, 'days': 30}
2026-03-30 10:50:01,557 - enhanced_business - INFO - users_listed - USER:1 - {'total_users': 15, 'page': 1, 'per_page': 20, 'filtered_by_role': None, 'filtered_by_department': None, 'search_term': ''}
2026-03-30 10:50:01,557 - enhanced_business - INFO - projects_listed - USER:1 - {'total_projects': 2, 'page': 1, 'per_page': 20, 'filtered_by_status': None, 'filtered_by_manager': None, 'search_term': '', 'only_my_projects': False}
2026-03-30 10:50:48,758 - enhanced_business - INFO - projects_listed - USER:1 - {'total_projects': 2, 'page': 1, 'per_page': 100, 'filtered_by_status': None, 'filtered_by_manager': None, 'search_term': '', 'only_my_projects': False}
2026-03-31 11:01:42,240 - enhanced_business - INFO - projects_listed - USER:1 - {'total_projects': 3, 'page': 1, 'per_page': 20, 'filtered_by_status': None, 'filtered_by_manager': None, 'search_term': '', 'only_my_projects': False}
2026-03-31 11:01:42,297 - enhanced_business - INFO - 获取仪表盘统计 - USER:1 - {'my_tasks': 0, 'overdue_tasks': 0, 'my_bugs': 8, 'new_bugs': 490, 'fixed_bugs': 2, 'active_projects': 3, 'my_completion_rate': 0, 'days': 30}
2026-03-31 11:01:53,666 - enhanced_business - INFO - users_listed - USER:1 - {'total_users': 15, 'page': 1, 'per_page': 20, 'filtered_by_role': None, 'filtered_by_department': None, 'search_term': ''}
2026-03-31 11:01:53,668 - enhanced_business - INFO - projects_listed - USER:1 - {'total_projects': 3, 'page': 1, 'per_page': 100, 'filtered_by_status': '', 'filtered_by_manager': None, 'search_term': '', 'only_my_projects': False}
2026-03-31 11:03:37,907 - enhanced_business - INFO - project_created - USER:1 - PROJECT:4 - {'name': 'NSM', 'code': '005', 'manager_id': 1, 'start_date': '2026-03-01 16:00:00', 'end_date': '2029-03-28 16:00:00', 'progress': 4, 'quality': 'Fair', 'risk': 'Medium'}
2026-03-31 11:05:07,115 - enhanced_business - INFO - projects_listed - USER:1 - {'total_projects': 3, 'page': 1, 'per_page': 100, 'filtered_by_status': None, 'filtered_by_manager': None, 'search_term': '', 'only_my_projects': False}
2026-03-31 11:05:09,561 - enhanced_business - INFO - users_listed - USER:1 - {'total_users': 15, 'page': 1, 'per_page': 50, 'filtered_by_role': None, 'filtered_by_department': None, 'search_term': ''}
2026-03-31 11:05:13,631 - enhanced_business - INFO - users_listed - USER:1 - {'total_users': 15, 'page': 1, 'per_page': 50, 'filtered_by_role': None, 'filtered_by_department': None, 'search_term': ''}
2026-03-31 11:06:35,131 - enhanced_business - INFO - users_listed - USER:1 - {'total_users': 15, 'page': 1, 'per_page': 50, 'filtered_by_role': None, 'filtered_by_department': None, 'search_term': ''}
2026-03-31 11:06:35,144 - enhanced_business - INFO - users_listed - USER:1 - {'total_users': 15, 'page': 1, 'per_page': 50, 'filtered_by_role': None, 'filtered_by_department': None, 'search_term': ''}
2026-03-31 11:06:56,490 - enhanced_business - INFO - projects_listed - USER:1 - {'total_projects': 3, 'page': 1, 'per_page': 100, 'filtered_by_status': None, 'filtered_by_manager': None, 'search_term': '', 'only_my_projects': False}
2026-03-31 11:07:02,915 - enhanced_business - INFO - users_listed - USER:1 - {'total_users': 15, 'page': 1, 'per_page': 50, 'filtered_by_role': None, 'filtered_by_department': None, 'search_term': ''}
2026-03-31 11:13:25,301 - enhanced_business - INFO - projects_listed - USER:1 - {'total_projects': 3, 'page': 1, 'per_page': 20, 'filtered_by_status': None, 'filtered_by_manager': None, 'search_term': '', 'only_my_projects': False}
2026-03-31 11:13:25,333 - enhanced_business - INFO - 获取仪表盘统计 - USER:1 - {'my_tasks': 0, 'overdue_tasks': 0, 'my_bugs': 8, 'new_bugs': 487, 'fixed_bugs': 2, 'active_projects': 3, 'my_completion_rate': 0, 'days': 30}
2026-03-31 11:13:28,124 - enhanced_business - INFO - users_listed - USER:1 - {'total_users': 15, 'page': 1, 'per_page': 20, 'filtered_by_role': None, 'filtered_by_department': None, 'search_term': ''}
2026-03-31 11:13:28,125 - enhanced_business - INFO - projects_listed - USER:1 - {'total_projects': 3, 'page': 1, 'per_page': 100, 'filtered_by_status': '', 'filtered_by_manager': None, 'search_term': '', 'only_my_projects': False}
2026-03-31 11:13:36,451 - enhanced_business - INFO - users_listed - USER:1 - {'total_users': 15, 'page': 1, 'per_page': 50, 'filtered_by_role': None, 'filtered_by_department': None, 'search_term': ''}
2026-03-31 11:13:38,895 - enhanced_business - INFO - users_listed - USER:1 - {'total_users': 15, 'page': 1, 'per_page': 50, 'filtered_by_role': None, 'filtered_by_department': None, 'search_term': ''}
2026-03-31 11:13:39,454 - enhanced_business - INFO - users_listed - USER:1 - {'total_users': 3, 'page': 1, 'per_page': 20, 'filtered_by_role': None, 'filtered_by_department': None, 'search_term': '2'}
2026-03-31 11:13:40,553 - enhanced_business - INFO - users_listed - USER:1 - {'total_users': 15, 'page': 1, 'per_page': 50, 'filtered_by_role': None, 'filtered_by_department': None, 'search_term': ''}
2026-03-31 11:16:24,124 - enhanced_business - INFO - users_listed - USER:1 - {'total_users': 15, 'page': 1, 'per_page': 20, 'filtered_by_role': None, 'filtered_by_department': None, 'search_term': ''}
2026-03-31 11:18:00,546 - enhanced_business - INFO - users_listed - USER:1 - {'total_users': 15, 'page': 1, 'per_page': 20, 'filtered_by_role': None, 'filtered_by_department': None, 'search_term': ''}
2026-03-31 11:18:14,568 - enhanced_business - INFO - users_listed - USER:1 - {'total_users': 15, 'page': 1, 'per_page': 20, 'filtered_by_role': None, 'filtered_by_department': None, 'search_term': ''}
2026-03-31 11:18:53,655 - enhanced_business - INFO - users_listed - USER:1 - {'total_users': 15, 'page': 1, 'per_page': 20, 'filtered_by_role': None, 'filtered_by_department': None, 'search_term': ''}
2026-03-31 11:19:24,714 - enhanced_business - INFO - users_listed - USER:1 - {'total_users': 15, 'page': 1, 'per_page': 20, 'filtered_by_role': None, 'filtered_by_department': None, 'search_term': ''}
2026-03-31 11:20:14,843 - enhanced_business - INFO - users_listed - USER:1 - {'total_users': 15, 'page': 1, 'per_page': 20, 'filtered_by_role': None, 'filtered_by_department': None, 'search_term': ''}
2026-03-31 11:20:43,160 - enhanced_business - INFO - users_listed - USER:1 - {'total_users': 15, 'page': 1, 'per_page': 20, 'filtered_by_role': None, 'filtered_by_department': None, 'search_term': ''}
2026-03-31 11:21:11,639 - enhanced_business - INFO - users_listed - USER:1 - {'total_users': 15, 'page': 1, 'per_page': 20, 'filtered_by_role': None, 'filtered_by_department': None, 'search_term': ''}
2026-03-31 11:22:25,446 - enhanced_business - INFO - users_listed - USER:1 - {'total_users': 15, 'page': 1, 'per_page': 20, 'filtered_by_role': None, 'filtered_by_department': None, 'search_term': ''}
2026-03-31 11:22:25,450 - enhanced_business - INFO - projects_listed - USER:1 - {'total_projects': 3, 'page': 1, 'per_page': 100, 'filtered_by_status': '', 'filtered_by_manager': None, 'search_term': '', 'only_my_projects': False}
2026-03-31 11:22:28,145 - enhanced_business - INFO - projects_listed - USER:1 - {'total_projects': 3, 'page': 1, 'per_page': 100, 'filtered_by_status': None, 'filtered_by_manager': None, 'search_term': '', 'only_my_projects': False}
2026-03-31 11:25:02,553 - enhanced_business - INFO - projects_listed - USER:1 - {'total_projects': 3, 'page': 1, 'per_page': 100, 'filtered_by_status': None, 'filtered_by_manager': None, 'search_term': '', 'only_my_projects': False}
2026-03-31 11:32:18,208 - enhanced_business - INFO - projects_listed - USER:1 - {'total_projects': 4, 'page': 1, 'per_page': 20, 'filtered_by_status': None, 'filtered_by_manager': None, 'search_term': '', 'only_my_projects': False}
2026-03-31 11:32:18,258 - enhanced_business - INFO - 获取仪表盘统计 - USER:1 - {'my_tasks': 0, 'overdue_tasks': 0, 'my_bugs': 8, 'new_bugs': 490, 'fixed_bugs': 2, 'active_projects': 4, 'my_completion_rate': 0, 'days': 30}
2026-03-31 11:32:33,367 - enhanced_business - INFO - projects_listed - USER:1 - {'total_projects': 4, 'page': 1, 'per_page': 100, 'filtered_by_status': '', 'filtered_by_manager': None, 'search_term': '', 'only_my_projects': False}
2026-03-31 11:32:33,382 - enhanced_business - INFO - users_listed - USER:1 - {'total_users': 15, 'page': 1, 'per_page': 20, 'filtered_by_role': None, 'filtered_by_department': None, 'search_term': ''}
2026-03-31 11:32:50,858 - enhanced_business - INFO - projects_listed - USER:1 - {'total_projects': 3, 'page': 1, 'per_page': 100, 'filtered_by_status': None, 'filtered_by_manager': None, 'search_term': '', 'only_my_projects': False}
2026-03-31 11:33:03,433 - enhanced_business - INFO - projects_listed - USER:1 - {'total_projects': 3, 'page': 1, 'per_page': 100, 'filtered_by_status': None, 'filtered_by_manager': None, 'search_term': '', 'only_my_projects': False}
2026-03-31 11:33:26,734 - enhanced_business - INFO - projects_listed - USER:1 - {'total_projects': 3, 'page': 1, 'per_page': 20, 'filtered_by_status': None, 'filtered_by_manager': None, 'search_term': '', 'only_my_projects': False}
2026-03-31 11:33:26,765 - enhanced_business - INFO - 获取仪表盘统计 - USER:1 - {'my_tasks': 0, 'overdue_tasks': 0, 'my_bugs': 8, 'new_bugs': 487, 'fixed_bugs': 2, 'active_projects': 3, 'my_completion_rate': 0, 'days': 30}
2026-03-31 11:33:29,578 - enhanced_business - INFO - users_listed - USER:1 - {'total_users': 15, 'page': 1, 'per_page': 20, 'filtered_by_role': None, 'filtered_by_department': None, 'search_term': ''}
2026-03-31 11:33:29,578 - enhanced_business - INFO - projects_listed - USER:1 - {'total_projects': 3, 'page': 1, 'per_page': 100, 'filtered_by_status': '', 'filtered_by_manager': None, 'search_term': '', 'only_my_projects': False}
2026-03-31 11:33:32,572 - enhanced_business - INFO - projects_listed - USER:1 - {'total_projects': 3, 'page': 1, 'per_page': 100, 'filtered_by_status': None, 'filtered_by_manager': None, 'search_term': '', 'only_my_projects': False}
2026-03-31 11:34:11,825 - enhanced_business - INFO - users_listed - USER:1 - {'total_users': 15, 'page': 1, 'per_page': 50, 'filtered_by_role': None, 'filtered_by_department': None, 'search_term': ''}
2026-03-31 11:35:01,836 - enhanced_business - INFO - projects_listed - USER:1 - {'total_projects': 3, 'page': 1, 'per_page': 20, 'filtered_by_status': None, 'filtered_by_manager': None, 'search_term': '', 'only_my_projects': False}
2026-03-31 11:35:01,872 - enhanced_business - INFO - 获取仪表盘统计 - USER:1 - {'my_tasks': 0, 'overdue_tasks': 0, 'my_bugs': 8, 'new_bugs': 487, 'fixed_bugs': 2, 'active_projects': 3, 'my_completion_rate': 0, 'days': 30}
2026-03-31 11:35:04,621 - enhanced_business - INFO - users_listed - USER:1 - {'total_users': 15, 'page': 1, 'per_page': 20, 'filtered_by_role': None, 'filtered_by_department': None, 'search_term': ''}
2026-03-31 11:35:04,623 - enhanced_business - INFO - projects_listed - USER:1 - {'total_projects': 3, 'page': 1, 'per_page': 100, 'filtered_by_status': '', 'filtered_by_manager': None, 'search_term': '', 'only_my_projects': False}
2026-03-31 11:36:37,083 - enhanced_business - INFO - projects_listed - USER:1 - {'total_projects': 3, 'page': 1, 'per_page': 20, 'filtered_by_status': None, 'filtered_by_manager': None, 'search_term': '', 'only_my_projects': False}
2026-03-31 11:36:37,190 - enhanced_business - INFO - 获取仪表盘统计 - USER:1 - {'my_tasks': 0, 'overdue_tasks': 0, 'my_bugs': 8, 'new_bugs': 487, 'fixed_bugs': 2, 'active_projects': 3, 'my_completion_rate': 0, 'days': 30}
2026-03-31 11:36:53,287 - enhanced_business - INFO - projects_listed - USER:1 - {'total_projects': 3, 'page': 1, 'per_page': 100, 'filtered_by_status': None, 'filtered_by_manager': None, 'search_term': '', 'only_my_projects': False}
2026-03-31 11:36:58,074 - enhanced_business - INFO - users_listed - USER:1 - {'total_users': 15, 'page': 1, 'per_page': 50, 'filtered_by_role': None, 'filtered_by_department': None, 'search_term': ''}
2026-03-31 11:37:01,581 - enhanced_business - INFO - users_listed - USER:1 - {'total_users': 15, 'page': 1, 'per_page': 50, 'filtered_by_role': None, 'filtered_by_department': None, 'search_term': ''}
2026-03-31 11:37:17,042 - enhanced_business - INFO - users_listed - USER:1 - {'total_users': 15, 'page': 1, 'per_page': 50, 'filtered_by_role': None, 'filtered_by_department': None, 'search_term': ''}
2026-03-31 11:37:22,534 - enhanced_business - INFO - users_listed - USER:1 - {'total_users': 15, 'page': 1, 'per_page': 50, 'filtered_by_role': None, 'filtered_by_department': None, 'search_term': ''}
2026-03-31 11:38:12,052 - enhanced_business - INFO - users_listed - USER:1 - {'total_users': 15, 'page': 1, 'per_page': 20, 'filtered_by_role': None, 'filtered_by_department': None, 'search_term': ''}
2026-03-31 11:38:12,053 - enhanced_business - INFO - projects_listed - USER:1 - {'total_projects': 3, 'page': 1, 'per_page': 100, 'filtered_by_status': '', 'filtered_by_manager': None, 'search_term': '', 'only_my_projects': False}
2026-03-31 11:38:16,940 - enhanced_business - INFO - projects_listed - USER:1 - {'total_projects': 3, 'page': 1, 'per_page': 100, 'filtered_by_status': '', 'filtered_by_manager': None, 'search_term': '', 'only_my_projects': False}
2026-03-31 11:38:16,940 - enhanced_business - INFO - users_listed - USER:1 - {'total_users': 15, 'page': 1, 'per_page': 20, 'filtered_by_role': None, 'filtered_by_department': None, 'search_term': ''}
2026-03-31 11:38:30,823 - enhanced_business - INFO - users_listed - USER:1 - {'total_users': 15, 'page': 1, 'per_page': 20, 'filtered_by_role': None, 'filtered_by_department': None, 'search_term': ''}
2026-03-31 11:39:40,835 - enhanced_business - INFO - users_listed - USER:1 - {'total_users': 15, 'page': 1, 'per_page': 20, 'filtered_by_role': None, 'filtered_by_department': None, 'search_term': ''}
2026-03-31 11:41:33,563 - enhanced_business - INFO - users_listed - USER:1 - {'total_users': 15, 'page': 1, 'per_page': 20, 'filtered_by_role': None, 'filtered_by_department': None, 'search_term': ''}
2026-03-31 11:42:31,864 - enhanced_business - INFO - users_listed - USER:1 - {'total_users': 15, 'page': 1, 'per_page': 20, 'filtered_by_role': None, 'filtered_by_department': None, 'search_term': ''}
2026-03-31 11:43:07,863 - enhanced_business - INFO - users_listed - USER:1 - {'total_users': 15, 'page': 1, 'per_page': 20, 'filtered_by_role': None, 'filtered_by_department': None, 'search_term': ''}
2026-03-31 11:43:26,187 - enhanced_business - INFO - users_listed - USER:1 - {'total_users': 15, 'page': 1, 'per_page': 20, 'filtered_by_role': None, 'filtered_by_department': None, 'search_term': ''}
2026-03-31 11:43:40,421 - enhanced_business - INFO - users_listed - USER:1 - {'total_users': 15, 'page': 1, 'per_page': 20, 'filtered_by_role': None, 'filtered_by_department': None, 'search_term': ''}
2026-03-31 11:44:28,755 - enhanced_business - INFO - users_listed - USER:1 - {'total_users': 15, 'page': 1, 'per_page': 1000, 'filtered_by_role': None, 'filtered_by_department': None, 'search_term': ''}
2026-03-31 11:45:15,639 - enhanced_business - INFO - user_updated - USER:1 - {'username': 'division_leader', 'updated_fields': ['username', 'email', 'first_name', 'last_name', 'department', 'position', 'work_language', 'role', 'is_active'], 'email': 'leader@bugtracker.com', 'role': 'division_leader', 'is_active': True}
2026-03-31 11:45:15,677 - enhanced_business - INFO - users_listed - USER:1 - {'total_users': 15, 'page': 1, 'per_page': 20, 'filtered_by_role': None, 'filtered_by_department': None, 'search_term': ''}
2026-03-31 11:46:05,466 - enhanced_business - INFO - users_listed - USER:1 - {'total_users': 15, 'page': 1, 'per_page': 20, 'filtered_by_role': None, 'filtered_by_department': None, 'search_term': ''}
2026-03-31 11:46:26,765 - enhanced_business - INFO - users_listed - USER:1 - {'total_users': 15, 'page': 1, 'per_page': 20, 'filtered_by_role': None, 'filtered_by_department': None, 'search_term': ''}
2026-03-31 11:46:35,411 - enhanced_business - INFO - user_updated - USER:1 - {'username': 'division_leader', 'updated_fields': ['username', 'email', 'first_name', 'last_name', 'department', 'position', 'work_language', 'role', 'is_active'], 'email': 'leader@bugtracker.com', 'role': 'division_leader', 'is_active': True}
2026-03-31 11:46:35,447 - enhanced_business - INFO - users_listed - USER:1 - {'total_users': 15, 'page': 1, 'per_page': 20, 'filtered_by_role': None, 'filtered_by_department': None, 'search_term': ''}
2026-03-31 11:47:42,982 - enhanced_business - INFO - users_listed - USER:1 - {'total_users': 15, 'page': 1, 'per_page': 20, 'filtered_by_role': None, 'filtered_by_department': None, 'search_term': ''}
2026-03-31 11:48:08,592 - enhanced_business - INFO - users_listed - USER:1 - {'total_users': 15, 'page': 1, 'per_page': 20, 'filtered_by_role': None, 'filtered_by_department': None, 'search_term': ''}
2026-03-31 11:48:33,194 - enhanced_business - INFO - users_listed - USER:1 - {'total_users': 15, 'page': 1, 'per_page': 20, 'filtered_by_role': None, 'filtered_by_department': None, 'search_term': ''}
2026-03-31 11:49:00,392 - enhanced_business - INFO - users_listed - USER:1 - {'total_users': 15, 'page': 1, 'per_page': 20, 'filtered_by_role': None, 'filtered_by_department': None, 'search_term': ''}
2026-03-31 11:50:31,159 - enhanced_business - INFO - users_listed - USER:1 - {'total_users': 15, 'page': 1, 'per_page': 20, 'filtered_by_role': None, 'filtered_by_department': None, 'search_term': ''}
2026-03-31 11:52:39,282 - enhanced_business - INFO - users_listed - USER:1 - {'total_users': 15, 'page': 1, 'per_page': 20, 'filtered_by_role': None, 'filtered_by_department': None, 'search_term': ''}
2026-03-31 11:56:30,303 - enhanced_business - INFO - projects_listed - USER:1 - {'total_projects': 3, 'page': 1, 'per_page': 20, 'filtered_by_status': None, 'filtered_by_manager': None, 'search_term': '', 'only_my_projects': False}
2026-03-31 11:56:30,345 - enhanced_business - INFO - 获取仪表盘统计 - USER:1 - {'my_tasks': 0, 'overdue_tasks': 0, 'my_bugs': 8, 'new_bugs': 487, 'fixed_bugs': 2, 'active_projects': 3, 'my_completion_rate': 0, 'days': 30}
2026-03-31 11:56:36,306 - enhanced_business - INFO - projects_listed - USER:1 - {'total_projects': 3, 'page': 1, 'per_page': 100, 'filtered_by_status': None, 'filtered_by_manager': None, 'search_term': '', 'only_my_projects': False}
2026-03-31 11:56:56,988 - enhanced_business - INFO - users_listed - USER:1 - {'total_users': 15, 'page': 1, 'per_page': 20, 'filtered_by_role': None, 'filtered_by_department': None, 'search_term': ''}
2026-03-31 11:57:10,914 - enhanced_business - INFO - projects_listed - USER:1 - {'total_projects': 3, 'page': 1, 'per_page': 20, 'filtered_by_status': None, 'filtered_by_manager': None, 'search_term': '', 'only_my_projects': False}
2026-03-31 11:57:10,943 - enhanced_business - INFO - 获取仪表盘统计 - USER:1 - {'my_tasks': 0, 'overdue_tasks': 0, 'my_bugs': 8, 'new_bugs': 487, 'fixed_bugs': 2, 'active_projects': 3, 'my_completion_rate': 0, 'days': 30}
2026-03-31 11:58:26,342 - enhanced_business - INFO - users_listed - USER:1 - {'total_users': 15, 'page': 1, 'per_page': 20, 'filtered_by_role': None, 'filtered_by_department': None, 'search_term': ''}
2026-03-31 12:01:22,360 - enhanced_business - INFO - users_listed - USER:1 - {'total_users': 15, 'page': 1, 'per_page': 20, 'filtered_by_role': None, 'filtered_by_department': None, 'search_term': ''}
2026-03-31 12:01:50,907 - enhanced_business - INFO - users_listed - USER:1 - {'total_users': 15, 'page': 1, 'per_page': 20, 'filtered_by_role': None, 'filtered_by_department': None, 'search_term': ''}
2026-03-31 12:02:52,846 - enhanced_business - INFO - users_listed - USER:1 - {'total_users': 15, 'page': 1, 'per_page': 20, 'filtered_by_role': None, 'filtered_by_department': None, 'search_term': ''}
2026-03-31 12:03:26,930 - enhanced_business - INFO - projects_listed - USER:1 - {'total_projects': 4, 'page': 1, 'per_page': 20, 'filtered_by_status': None, 'filtered_by_manager': None, 'search_term': '', 'only_my_projects': False}
2026-03-31 12:03:26,990 - enhanced_business - INFO - 获取仪表盘统计 - USER:1 - {'my_tasks': 0, 'overdue_tasks': 0, 'my_bugs': 8, 'new_bugs': 490, 'fixed_bugs': 2, 'active_projects': 4, 'my_completion_rate': 0, 'days': 30}
2026-03-31 12:09:04,605 - enhanced_business - INFO - projects_listed - USER:1 - {'total_projects': 4, 'page': 1, 'per_page': 20, 'filtered_by_status': None, 'filtered_by_manager': None, 'search_term': '', 'only_my_projects': False}
2026-03-31 12:09:04,645 - enhanced_business - INFO - 获取仪表盘统计 - USER:1 - {'my_tasks': 0, 'overdue_tasks': 0, 'my_bugs': 8, 'new_bugs': 490, 'fixed_bugs': 2, 'active_projects': 4, 'my_completion_rate': 0, 'days': 30}
2026-03-31 12:09:11,392 - enhanced_business - INFO - projects_listed - USER:1 - {'total_projects': 4, 'page': 1, 'per_page': 20, 'filtered_by_status': None, 'filtered_by_manager': None, 'search_term': '', 'only_my_projects': False}
2026-03-31 12:09:11,441 - enhanced_business - INFO - 获取仪表盘统计 - USER:1 - {'my_tasks': 0, 'overdue_tasks': 0, 'my_bugs': 8, 'new_bugs': 490, 'fixed_bugs': 2, 'active_projects': 4, 'my_completion_rate': 0, 'days': 30}
2026-03-31 12:09:13,380 - enhanced_business - INFO - projects_listed - USER:1 - {'total_projects': 4, 'page': 1, 'per_page': 100, 'filtered_by_status': '', 'filtered_by_manager': None, 'search_term': '', 'only_my_projects': False}
2026-03-31 12:09:53,387 - enhanced_business - INFO - projects_listed - USER:1 - {'total_projects': 3, 'page': 1, 'per_page': 20, 'filtered_by_status': None, 'filtered_by_manager': None, 'search_term': '', 'only_my_projects': False}
2026-03-31 12:09:53,434 - enhanced_business - INFO - 获取仪表盘统计 - USER:1 - {'my_tasks': 0, 'overdue_tasks': 0, 'my_bugs': 8, 'new_bugs': 487, 'fixed_bugs': 2, 'active_projects': 3, 'my_completion_rate': 0, 'days': 30}
2026-03-31 12:10:07,013 - enhanced_business - INFO - projects_listed - USER:1 - {'total_projects': 4, 'page': 1, 'per_page': 20, 'filtered_by_status': None, 'filtered_by_manager': None, 'search_term': '', 'only_my_projects': False}
2026-03-31 12:10:07,111 - enhanced_business - INFO - 获取仪表盘统计 - USER:1 - {'my_tasks': 0, 'overdue_tasks': 0, 'my_bugs': 8, 'new_bugs': 490, 'fixed_bugs': 2, 'active_projects': 4, 'my_completion_rate': 0, 'days': 30}
2026-03-31 12:10:10,869 - enhanced_business - INFO - projects_listed - USER:1 - {'total_projects': 4, 'page': 1, 'per_page': 20, 'filtered_by_status': None, 'filtered_by_manager': None, 'search_term': '', 'only_my_projects': False}
2026-03-31 12:10:10,903 - enhanced_business - INFO - 获取仪表盘统计 - USER:1 - {'my_tasks': 0, 'overdue_tasks': 0, 'my_bugs': 8, 'new_bugs': 490, 'fixed_bugs': 2, 'active_projects': 4, 'my_completion_rate': 0, 'days': 30}
2026-03-31 12:10:29,277 - enhanced_business - INFO - projects_listed - USER:1 - {'total_projects': 4, 'page': 1, 'per_page': 20, 'filtered_by_status': None, 'filtered_by_manager': None, 'search_term': '', 'only_my_projects': False}
2026-03-31 12:10:29,323 - enhanced_business - INFO - 获取仪表盘统计 - USER:1 - {'my_tasks': 0, 'overdue_tasks': 0, 'my_bugs': 8, 'new_bugs': 490, 'fixed_bugs': 2, 'active_projects': 4, 'my_completion_rate': 0, 'days': 30}
2026-03-31 12:10:40,465 - enhanced_business - INFO - projects_listed - USER:1 - {'total_projects': 4, 'page': 1, 'per_page': 20, 'filtered_by_status': None, 'filtered_by_manager': None, 'search_term': '', 'only_my_projects': False}
2026-03-31 12:10:40,541 - enhanced_business - INFO - 获取仪表盘统计 - USER:1 - {'my_tasks': 0, 'overdue_tasks': 0, 'my_bugs': 8, 'new_bugs': 490, 'fixed_bugs': 2, 'active_projects': 4, 'my_completion_rate': 0, 'days': 30}
2026-03-31 12:10:55,150 - enhanced_business - INFO - projects_listed - USER:1 - {'total_projects': 4, 'page': 1, 'per_page': 20, 'filtered_by_status': None, 'filtered_by_manager': None, 'search_term': '', 'only_my_projects': False}
2026-03-31 12:10:55,191 - enhanced_business - INFO - 获取仪表盘统计 - USER:1 - {'my_tasks': 0, 'overdue_tasks': 0, 'my_bugs': 8, 'new_bugs': 490, 'fixed_bugs': 2, 'active_projects': 4, 'my_completion_rate': 0, 'days': 30}
2026-03-31 12:11:51,946 - enhanced_business - INFO - projects_listed - USER:1 - {'total_projects': 4, 'page': 1, 'per_page': 20, 'filtered_by_status': None, 'filtered_by_manager': None, 'search_term': '', 'only_my_projects': False}
2026-03-31 12:11:52,004 - enhanced_business - INFO - 获取仪表盘统计 - USER:1 - {'my_tasks': 0, 'overdue_tasks': 0, 'my_bugs': 8, 'new_bugs': 490, 'fixed_bugs': 2, 'active_projects': 4, 'my_completion_rate': 0, 'days': 30}
2026-03-31 12:11:54,834 - enhanced_business - INFO - projects_listed - USER:1 - {'total_projects': 4, 'page': 1, 'per_page': 20, 'filtered_by_status': None, 'filtered_by_manager': None, 'search_term': '', 'only_my_projects': False}
2026-03-31 12:11:54,894 - enhanced_business - INFO - 获取仪表盘统计 - USER:1 - {'my_tasks': 0, 'overdue_tasks': 0, 'my_bugs': 8, 'new_bugs': 490, 'fixed_bugs': 2, 'active_projects': 4, 'my_completion_rate': 0, 'days': 30}
2026-03-31 12:13:44,440 - enhanced_business - INFO - projects_listed - USER:1 - {'total_projects': 4, 'page': 1, 'per_page': 20, 'filtered_by_status': None, 'filtered_by_manager': None, 'search_term': '', 'only_my_projects': False}
2026-03-31 12:13:44,485 - enhanced_business - INFO - 获取仪表盘统计 - USER:1 - {'my_tasks': 0, 'overdue_tasks': 0, 'my_bugs': 8, 'new_bugs': 490, 'fixed_bugs': 2, 'active_projects': 4, 'my_completion_rate': 0, 'days': 30}
2026-03-31 12:14:35,689 - enhanced_business - INFO - projects_listed - USER:1 - {'total_projects': 4, 'page': 1, 'per_page': 100, 'filtered_by_status': '', 'filtered_by_manager': None, 'search_term': '', 'only_my_projects': False}
2026-03-31 12:14:35,689 - enhanced_business - INFO - users_listed - USER:1 - {'total_users': 15, 'page': 1, 'per_page': 20, 'filtered_by_role': None, 'filtered_by_department': None, 'search_term': ''}
2026-03-31 12:16:17,007 - enhanced_business - INFO - users_listed - USER:1 - {'total_users': 15, 'page': 1, 'per_page': 20, 'filtered_by_role': None, 'filtered_by_department': None, 'search_term': ''}
2026-03-31 12:16:17,011 - enhanced_business - INFO - projects_listed - USER:1 - {'total_projects': 4, 'page': 1, 'per_page': 100, 'filtered_by_status': '', 'filtered_by_manager': None, 'search_term': '', 'only_my_projects': False}
2026-03-31 12:16:18,442 - enhanced_business - INFO - projects_listed - USER:1 - {'total_projects': 4, 'page': 1, 'per_page': 20, 'filtered_by_status': None, 'filtered_by_manager': None, 'search_term': '', 'only_my_projects': False}
2026-03-31 12:16:18,489 - enhanced_business - INFO - 获取仪表盘统计 - USER:1 - {'my_tasks': 0, 'overdue_tasks': 0, 'my_bugs': 8, 'new_bugs': 490, 'fixed_bugs': 2, 'active_projects': 4, 'my_completion_rate': 0, 'days': 30}
2026-03-31 12:17:17,397 - enhanced_business - INFO - projects_listed - USER:1 - {'total_projects': 4, 'page': 1, 'per_page': 20, 'filtered_by_status': None, 'filtered_by_manager': None, 'search_term': '', 'only_my_projects': False}
2026-03-31 12:17:17,435 - enhanced_business - INFO - 获取仪表盘统计 - USER:1 - {'my_tasks': 0, 'overdue_tasks': 0, 'my_bugs': 8, 'new_bugs': 490, 'fixed_bugs': 2, 'active_projects': 4, 'my_completion_rate': 0, 'days': 30}
2026-03-31 12:17:20,329 - enhanced_business - INFO - projects_listed - USER:1 - {'total_projects': 4, 'page': 1, 'per_page': 100, 'filtered_by_status': None, 'filtered_by_manager': None, 'search_term': '', 'only_my_projects': False}
2026-03-31 12:19:58,276 - enhanced_business - INFO - projects_listed - USER:1 - {'total_projects': 4, 'page': 1, 'per_page': 100, 'filtered_by_status': None, 'filtered_by_manager': None, 'search_term': '', 'only_my_projects': False}
2026-03-31 12:20:07,262 - enhanced_business - INFO - projects_listed - USER:1 - {'total_projects': 4, 'page': 1, 'per_page': 100, 'filtered_by_status': None, 'filtered_by_manager': None, 'search_term': '', 'only_my_projects': False}
2026-03-31 12:20:08,969 - enhanced_business - INFO - projects_listed - USER:1 - {'total_projects': 4, 'page': 1, 'per_page': 100, 'filtered_by_status': None, 'filtered_by_manager': None, 'search_term': '', 'only_my_projects': False}
2026-03-31 12:22:41,446 - enhanced_business - INFO - projects_listed - USER:1 - {'total_projects': 4, 'page': 1, 'per_page': 100, 'filtered_by_status': None, 'filtered_by_manager': None, 'search_term': '', 'only_my_projects': False}
2026-03-31 12:23:13,117 - enhanced_business - INFO - projects_listed - USER:1 - {'total_projects': 4, 'page': 1, 'per_page': 100, 'filtered_by_status': None, 'filtered_by_manager': None, 'search_term': '', 'only_my_projects': False}
2026-03-31 12:23:14,304 - enhanced_business - INFO - projects_listed - USER:1 - {'total_projects': 4, 'page': 1, 'per_page': 100, 'filtered_by_status': None, 'filtered_by_manager': None, 'search_term': '', 'only_my_projects': False}
2026-03-31 12:23:30,062 - enhanced_business - INFO - projects_listed - USER:1 - {'total_projects': 4, 'page': 1, 'per_page': 100, 'filtered_by_status': None, 'filtered_by_manager': None, 'search_term': '', 'only_my_projects': False}
2026-03-31 12:23:43,128 - enhanced_business - INFO - projects_listed - USER:1 - {'total_projects': 4, 'page': 1, 'per_page': 100, 'filtered_by_status': None, 'filtered_by_manager': None, 'search_term': '', 'only_my_projects': False}
2026-03-31 12:23:49,915 - enhanced_business - INFO - projects_listed - USER:1 - {'total_projects': 4, 'page': 1, 'per_page': 100, 'filtered_by_status': None, 'filtered_by_manager': None, 'search_term': '', 'only_my_projects': False}
2026-03-31 12:24:14,408 - enhanced_business - INFO - projects_listed - USER:1 - {'total_projects': 4, 'page': 1, 'per_page': 100, 'filtered_by_status': None, 'filtered_by_manager': None, 'search_term': '', 'only_my_projects': False}
2026-03-31 12:24:16,476 - enhanced_business - INFO - projects_listed - USER:1 - {'total_projects': 4, 'page': 1, 'per_page': 100, 'filtered_by_status': None, 'filtered_by_manager': None, 'search_term': '', 'only_my_projects': False}
2026-03-31 12:25:10,673 - enhanced_business - INFO - projects_listed - USER:1 - {'total_projects': 4, 'page': 1, 'per_page': 100, 'filtered_by_status': None, 'filtered_by_manager': None, 'search_term': '', 'only_my_projects': False}
2026-03-31 12:25:11,662 - enhanced_business - INFO - projects_listed - USER:1 - {'total_projects': 4, 'page': 1, 'per_page': 100, 'filtered_by_status': None, 'filtered_by_manager': None, 'search_term': '', 'only_my_projects': False}
2026-03-31 12:25:12,552 - enhanced_business - INFO - projects_listed - USER:1 - {'total_projects': 4, 'page': 1, 'per_page': 100, 'filtered_by_status': None, 'filtered_by_manager': None, 'search_term': '', 'only_my_projects': False}
2026-03-31 12:25:13,335 - enhanced_business - INFO - projects_listed - USER:1 - {'total_projects': 4, 'page': 1, 'per_page': 100, 'filtered_by_status': None, 'filtered_by_manager': None, 'search_term': '', 'only_my_projects': False}
2026-03-31 12:25:13,924 - enhanced_business - INFO - projects_listed - USER:1 - {'total_projects': 4, 'page': 1, 'per_page': 100, 'filtered_by_status': None, 'filtered_by_manager': None, 'search_term': '', 'only_my_projects': False}
2026-03-31 12:25:14,676 - enhanced_business - INFO - projects_listed - USER:1 - {'total_projects': 4, 'page': 1, 'per_page': 100, 'filtered_by_status': None, 'filtered_by_manager': None, 'search_term': '', 'only_my_projects': False}
2026-03-31 12:25:24,645 - enhanced_business - INFO - projects_listed - USER:1 - {'total_projects': 4, 'page': 1, 'per_page': 100, 'filtered_by_status': None, 'filtered_by_manager': None, 'search_term': '', 'only_my_projects': False}
2026-03-31 12:25:25,715 - enhanced_business - INFO - projects_listed - USER:1 - {'total_projects': 4, 'page': 1, 'per_page': 100, 'filtered_by_status': None, 'filtered_by_manager': None, 'search_term': '', 'only_my_projects': False}
2026-03-31 12:25:28,759 - enhanced_business - INFO - projects_listed - USER:1 - {'total_projects': 4, 'page': 1, 'per_page': 100, 'filtered_by_status': None, 'filtered_by_manager': None, 'search_term': '', 'only_my_projects': False}
2026-03-31 12:25:48,662 - enhanced_business - INFO - projects_listed - USER:1 - {'total_projects': 4, 'page': 1, 'per_page': 100, 'filtered_by_status': None, 'filtered_by_manager': None, 'search_term': '', 'only_my_projects': False}
2026-03-31 12:25:49,488 - enhanced_business - INFO - projects_listed - USER:1 - {'total_projects': 4, 'page': 1, 'per_page': 100, 'filtered_by_status': None, 'filtered_by_manager': None, 'search_term': '', 'only_my_projects': False}
2026-03-31 12:25:50,366 - enhanced_business - INFO - projects_listed - USER:1 - {'total_projects': 4, 'page': 1, 'per_page': 100, 'filtered_by_status': None, 'filtered_by_manager': None, 'search_term': '', 'only_my_projects': False}
2026-03-31 12:26:14,588 - enhanced_business - INFO - projects_listed - USER:1 - {'total_projects': 4, 'page': 1, 'per_page': 100, 'filtered_by_status': None, 'filtered_by_manager': None, 'search_term': '', 'only_my_projects': False}
2026-03-31 12:27:18,818 - enhanced_business - INFO - projects_listed - USER:1 - {'total_projects': 4, 'page': 1, 'per_page': 100, 'filtered_by_status': None, 'filtered_by_manager': None, 'search_term': '', 'only_my_projects': False}
2026-03-31 12:27:19,786 - enhanced_business - INFO - projects_listed - USER:1 - {'total_projects': 4, 'page': 1, 'per_page': 100, 'filtered_by_status': None, 'filtered_by_manager': None, 'search_term': '', 'only_my_projects': False}
2026-03-31 12:27:27,388 - enhanced_business - INFO - projects_listed - USER:1 - {'total_projects': 4, 'page': 1, 'per_page': 100, 'filtered_by_status': None, 'filtered_by_manager': None, 'search_term': '', 'only_my_projects': False}
2026-03-31 12:27:57,728 - enhanced_business - INFO - projects_listed - USER:1 - {'total_projects': 4, 'page': 1, 'per_page': 100, 'filtered_by_status': None, 'filtered_by_manager': None, 'search_term': '', 'only_my_projects': False}
2026-03-31 12:28:07,444 - enhanced_business - INFO - projects_listed - USER:1 - {'total_projects': 4, 'page': 1, 'per_page': 100, 'filtered_by_status': None, 'filtered_by_manager': None, 'search_term': '', 'only_my_projects': False}
2026-03-31 12:28:40,113 - enhanced_business - INFO - projects_listed - USER:1 - {'total_projects': 4, 'page': 1, 'per_page': 100, 'filtered_by_status': None, 'filtered_by_manager': None, 'search_term': '', 'only_my_projects': False}
2026-03-31 12:29:00,693 - enhanced_business - INFO - projects_listed - USER:1 - {'total_projects': 4, 'page': 1, 'per_page': 20, 'filtered_by_status': None, 'filtered_by_manager': None, 'search_term': '', 'only_my_projects': False}
2026-03-31 12:29:00,729 - enhanced_business - INFO - 获取仪表盘统计 - USER:1 - {'my_tasks': 0, 'overdue_tasks': 0, 'my_bugs': 8, 'new_bugs': 490, 'fixed_bugs': 2, 'active_projects': 4, 'my_completion_rate': 0, 'days': 30}
2026-03-31 12:29:01,684 - enhanced_business - INFO - projects_listed - USER:1 - {'total_projects': 4, 'page': 1, 'per_page': 100, 'filtered_by_status': None, 'filtered_by_manager': None, 'search_term': '', 'only_my_projects': False}
2026-03-31 12:29:12,388 - enhanced_business - INFO - users_listed - USER:1 - {'total_users': 15, 'page': 1, 'per_page': 20, 'filtered_by_role': None, 'filtered_by_department': None, 'search_term': ''}
2026-03-31 12:29:32,906 - enhanced_business - INFO - user_updated - USER:1 - {'username': 'zhaokangwei', 'updated_fields': ['username', 'email', 'first_name', 'last_name', 'department', 'position', 'work_language', 'role', 'is_active'], 'email': 'zhaokangwei1@chenxiaotech.com', 'role': 'software_engineer', 'is_active': True}
2026-03-31 12:29:32,947 - enhanced_business - INFO - users_listed - USER:1 - {'total_users': 15, 'page': 1, 'per_page': 20, 'filtered_by_role': None, 'filtered_by_department': None, 'search_term': ''}
2026-03-31 12:29:38,100 - enhanced_business - INFO - projects_listed - USER:18 - {'total_projects': 3, 'page': 1, 'per_page': 20, 'filtered_by_status': None, 'filtered_by_manager': None, 'search_term': '', 'only_my_projects': False}
2026-03-31 12:29:38,137 - enhanced_business - INFO - 获取仪表盘统计 - USER:18 - {'my_tasks': 0, 'overdue_tasks': 0, 'my_bugs': 0, 'new_bugs': 487, 'fixed_bugs': 2, 'active_projects': 3, 'my_completion_rate': 0, 'days': 30}
2026-03-31 12:29:56,101 - enhanced_business - INFO - projects_listed - USER:18 - {'total_projects': 3, 'page': 1, 'per_page': 20, 'filtered_by_status': None, 'filtered_by_manager': None, 'search_term': '', 'only_my_projects': False}
2026-03-31 12:29:56,139 - enhanced_business - INFO - 获取仪表盘统计 - USER:18 - {'my_tasks': 0, 'overdue_tasks': 0, 'my_bugs': 0, 'new_bugs': 487, 'fixed_bugs': 2, 'active_projects': 3, 'my_completion_rate': 0, 'days': 30}
2026-03-31 12:30:03,347 - enhanced_business - INFO - projects_listed - USER:1 - {'total_projects': 4, 'page': 1, 'per_page': 20, 'filtered_by_status': None, 'filtered_by_manager': None, 'search_term': '', 'only_my_projects': False}
2026-03-31 12:30:03,408 - enhanced_business - INFO - 获取仪表盘统计 - USER:1 - {'my_tasks': 0, 'overdue_tasks': 0, 'my_bugs': 8, 'new_bugs': 490, 'fixed_bugs': 2, 'active_projects': 4, 'my_completion_rate': 0, 'days': 30}
2026-03-31 12:30:04,753 - enhanced_business - INFO - users_listed - USER:1 - {'total_users': 15, 'page': 1, 'per_page': 20, 'filtered_by_role': None, 'filtered_by_department': None, 'search_term': ''}
2026-03-31 12:33:44,544 - enhanced_business - INFO - projects_listed - USER:1 - {'total_projects': 4, 'page': 1, 'per_page': 20, 'filtered_by_status': None, 'filtered_by_manager': None, 'search_term': '', 'only_my_projects': False}
2026-03-31 12:33:44,584 - enhanced_business - INFO - 获取仪表盘统计 - USER:1 - {'my_tasks': 0, 'overdue_tasks': 0, 'my_bugs': 8, 'new_bugs': 490, 'fixed_bugs': 2, 'active_projects': 4, 'my_completion_rate': 0, 'days': 30}
2026-03-31 12:33:46,554 - enhanced_business - INFO - users_listed - USER:1 - {'total_users': 15, 'page': 1, 'per_page': 50, 'filtered_by_role': None, 'filtered_by_department': None, 'search_term': ''}
2026-03-31 12:33:46,867 - enhanced_business - INFO - users_listed - USER:1 - {'total_users': 15, 'page': 1, 'per_page': 20, 'filtered_by_role': None, 'filtered_by_department': None, 'search_term': ''}
2026-04-01 00:26:16,097 - enhanced_business - INFO - projects_listed - USER:1 - {'total_projects': 4, 'page': 1, 'per_page': 20, 'filtered_by_status': None, 'filtered_by_manager': None, 'search_term': '', 'only_my_projects': False}
2026-04-01 00:26:16,154 - enhanced_business - INFO - 获取仪表盘统计 - USER:1 - {'my_tasks': 0, 'overdue_tasks': 0, 'my_bugs': 8, 'new_bugs': 490, 'fixed_bugs': 2, 'active_projects': 4, 'my_completion_rate': 0, 'days': 30}
2026-04-01 00:26:19,015 - enhanced_business - INFO - projects_listed - USER:1 - {'total_projects': 4, 'page': 1, 'per_page': 20, 'filtered_by_status': None, 'filtered_by_manager': None, 'search_term': '', 'only_my_projects': False}
2026-04-01 00:26:19,056 - enhanced_business - INFO - 获取仪表盘统计 - USER:1 - {'my_tasks': 0, 'overdue_tasks': 0, 'my_bugs': 8, 'new_bugs': 490, 'fixed_bugs': 2, 'active_projects': 4, 'my_completion_rate': 0, 'days': 30}
2026-04-01 00:26:50,526 - enhanced_business - INFO - projects_listed - USER:1 - {'total_projects': 4, 'page': 1, 'per_page': 20, 'filtered_by_status': None, 'filtered_by_manager': None, 'search_term': '', 'only_my_projects': False}
2026-04-01 00:26:50,564 - enhanced_business - INFO - 获取仪表盘统计 - USER:1 - {'my_tasks': 0, 'overdue_tasks': 0, 'my_bugs': 8, 'new_bugs': 490, 'fixed_bugs': 2, 'active_projects': 4, 'my_completion_rate': 0, 'days': 30}
2026-04-01 00:28:30,084 - enhanced_business - INFO - projects_listed - USER:18 - {'total_projects': 3, 'page': 1, 'per_page': 20, 'filtered_by_status': None, 'filtered_by_manager': None, 'search_term': '', 'only_my_projects': False}
2026-04-01 00:28:30,123 - enhanced_business - INFO - 获取仪表盘统计 - USER:18 - {'my_tasks': 0, 'overdue_tasks': 0, 'my_bugs': 0, 'new_bugs': 487, 'fixed_bugs': 2, 'active_projects': 3, 'my_completion_rate': 0, 'days': 30}
2026-04-01 00:28:50,376 - enhanced_business - INFO - projects_listed - USER:18 - {'total_projects': 3, 'page': 1, 'per_page': 20, 'filtered_by_status': None, 'filtered_by_manager': None, 'search_term': '', 'only_my_projects': False}
2026-04-01 00:28:50,409 - enhanced_business - INFO - 获取仪表盘统计 - USER:18 - {'my_tasks': 0, 'overdue_tasks': 0, 'my_bugs': 0, 'new_bugs': 487, 'fixed_bugs': 2, 'active_projects': 3, 'my_completion_rate': 0, 'days': 30}
2026-04-01 00:28:58,903 - enhanced_business - INFO - projects_listed - USER:1 - {'total_projects': 4, 'page': 1, 'per_page': 20, 'filtered_by_status': None, 'filtered_by_manager': None, 'search_term': '', 'only_my_projects': False}
2026-04-01 00:28:58,999 - enhanced_business - INFO - 获取仪表盘统计 - USER:1 - {'my_tasks': 0, 'overdue_tasks': 0, 'my_bugs': 8, 'new_bugs': 490, 'fixed_bugs': 2, 'active_projects': 4, 'my_completion_rate': 0, 'days': 30}
2026-04-01 00:29:01,153 - enhanced_business - INFO - users_listed - USER:1 - {'total_users': 15, 'page': 1, 'per_page': 20, 'filtered_by_role': None, 'filtered_by_department': None, 'search_term': ''}
2026-04-01 00:29:23,606 - enhanced_business - INFO - user_updated - USER:1 - {'username': 'zhaokangwei', 'updated_fields': ['username', 'email', 'first_name', 'last_name', 'department', 'position', 'work_language', 'role', 'is_active'], 'email': 'zhaokangwei1@chenxiaotech.com', 'role': 'software_engineer', 'is_active': True}
2026-04-01 00:29:23,645 - enhanced_business - INFO - users_listed - USER:1 - {'total_users': 15, 'page': 1, 'per_page': 20, 'filtered_by_role': None, 'filtered_by_department': None, 'search_term': ''}
2026-04-01 00:33:02,539 - enhanced_business - INFO - projects_listed - USER:1 - {'total_projects': 4, 'page': 1, 'per_page': 20, 'filtered_by_status': None, 'filtered_by_manager': None, 'search_term': '', 'only_my_projects': False}
2026-04-01 00:33:02,575 - enhanced_business - INFO - 获取仪表盘统计 - USER:1 - {'my_tasks': 0, 'overdue_tasks': 0, 'my_bugs': 8, 'new_bugs': 490, 'fixed_bugs': 2, 'active_projects': 4, 'my_completion_rate': 0, 'days': 30}
2026-04-01 00:33:31,747 - enhanced_business - INFO - projects_listed - USER:18 - {'total_projects': 3, 'page': 1, 'per_page': 20, 'filtered_by_status': None, 'filtered_by_manager': None, 'search_term': '', 'only_my_projects': False}
2026-04-01 00:33:31,776 - enhanced_business - INFO - 获取仪表盘统计 - USER:18 - {'my_tasks': 0, 'overdue_tasks': 0, 'my_bugs': 0, 'new_bugs': 487, 'fixed_bugs': 2, 'active_projects': 3, 'my_completion_rate': 0, 'days': 30}
2026-04-01 00:34:57,163 - enhanced_business - INFO - projects_listed - USER:18 - {'total_projects': 3, 'page': 1, 'per_page': 20, 'filtered_by_status': None, 'filtered_by_manager': None, 'search_term': '', 'only_my_projects': False}
2026-04-01 00:34:57,203 - enhanced_business - INFO - 获取仪表盘统计 - USER:18 - {'my_tasks': 0, 'overdue_tasks': 0, 'my_bugs': 0, 'new_bugs': 487, 'fixed_bugs': 2, 'active_projects': 3, 'my_completion_rate': 0, 'days': 30}
2026-04-01 00:35:04,588 - enhanced_business - INFO - projects_listed - USER:1 - {'total_projects': 4, 'page': 1, 'per_page': 20, 'filtered_by_status': None, 'filtered_by_manager': None, 'search_term': '', 'only_my_projects': False}
2026-04-01 00:35:04,634 - enhanced_business - INFO - 获取仪表盘统计 - USER:1 - {'my_tasks': 0, 'overdue_tasks': 0, 'my_bugs': 8, 'new_bugs': 490, 'fixed_bugs': 2, 'active_projects': 4, 'my_completion_rate': 0, 'days': 30}
2026-04-01 00:35:07,625 - enhanced_business - INFO - users_listed - USER:1 - {'total_users': 15, 'page': 1, 'per_page': 20, 'filtered_by_role': None, 'filtered_by_department': None, 'search_term': ''}
2026-04-01 00:35:14,754 - enhanced_business - INFO - users_listed - USER:1 - {'total_users': 15, 'page': 1, 'per_page': 1000, 'filtered_by_role': None, 'filtered_by_department': None, 'search_term': ''}
2026-04-01 00:35:51,897 - enhanced_business - INFO - user_updated - USER:1 - {'username': 'test_developer', 'updated_fields': ['username', 'email', 'first_name', 'last_name', 'department', 'position', 'work_language', 'role', 'is_active'], 'email': 'dev@test.com', 'role': 'software_engineer', 'is_active': True}
2026-04-01 00:35:51,978 - enhanced_business - INFO - users_listed - USER:1 - {'total_users': 15, 'page': 1, 'per_page': 20, 'filtered_by_role': None, 'filtered_by_department': None, 'search_term': ''}
2026-04-01 00:37:17,543 - enhanced_business - INFO - users_listed - USER:1 - {'total_users': 15, 'page': 1, 'per_page': 20, 'filtered_by_role': None, 'filtered_by_department': None, 'search_term': ''}
2026-04-01 00:37:44,715 - enhanced_business - INFO - user_updated - USER:1 - {'username': 'software_engineer2', 'updated_fields': ['username', 'email', 'first_name', 'last_name', 'department', 'position', 'work_language', 'role', 'is_active'], 'email': 'se2@bugtracker.com', 'role': 'software_engineer', 'is_active': True}
2026-04-01 00:37:44,759 - enhanced_business - INFO - users_listed - USER:1 - {'total_users': 15, 'page': 1, 'per_page': 20, 'filtered_by_role': None, 'filtered_by_department': None, 'search_term': ''}
2026-04-01 00:40:37,954 - enhanced_business - INFO - projects_listed - USER:18 - {'total_projects': 3, 'page': 1, 'per_page': 20, 'filtered_by_status': None, 'filtered_by_manager': None, 'search_term': '', 'only_my_projects': False}
2026-04-01 00:40:37,988 - enhanced_business - INFO - 获取仪表盘统计 - USER:18 - {'my_tasks': 0, 'overdue_tasks': 0, 'my_bugs': 0, 'new_bugs': 487, 'fixed_bugs': 2, 'active_projects': 3, 'my_completion_rate': 0, 'days': 30}
2026-04-01 00:42:45,639 - enhanced_business - INFO - projects_listed - USER:1 - {'total_projects': 4, 'page': 1, 'per_page': 20, 'filtered_by_status': None, 'filtered_by_manager': None, 'search_term': '', 'only_my_projects': False}
2026-04-01 00:42:45,698 - enhanced_business - INFO - 获取仪表盘统计 - USER:1 - {'my_tasks': 0, 'overdue_tasks': 0, 'my_bugs': 8, 'new_bugs': 490, 'fixed_bugs': 2, 'active_projects': 4, 'my_completion_rate': 0, 'days': 30}
2026-04-01 00:43:06,628 - enhanced_business - INFO - users_listed - USER:1 - {'total_users': 15, 'page': 1, 'per_page': 20, 'filtered_by_role': None, 'filtered_by_department': None, 'search_term': ''}
2026-04-01 00:43:22,439 - enhanced_business - INFO - projects_listed - USER:1 - {'total_projects': 4, 'page': 1, 'per_page': 20, 'filtered_by_status': None, 'filtered_by_manager': None, 'search_term': '', 'only_my_projects': False}
2026-04-01 00:43:22,477 - enhanced_business - INFO - 获取仪表盘统计 - USER:1 - {'my_tasks': 0, 'overdue_tasks': 0, 'my_bugs': 8, 'new_bugs': 490, 'fixed_bugs': 2, 'active_projects': 4, 'my_completion_rate': 0, 'days': 30}
2026-04-01 00:49:25,697 - enhanced_business - INFO - projects_listed - USER:1 - {'total_projects': 4, 'page': 1, 'per_page': 20, 'filtered_by_status': None, 'filtered_by_manager': None, 'search_term': '', 'only_my_projects': False}
2026-04-01 00:49:25,738 - enhanced_business - INFO - 获取仪表盘统计 - USER:1 - {'my_tasks': 0, 'overdue_tasks': 0, 'my_bugs': 8, 'new_bugs': 490, 'fixed_bugs': 2, 'active_projects': 4, 'my_completion_rate': 0, 'days': 30}
2026-04-01 00:50:07,495 - enhanced_business - INFO - users_listed - USER:1 - {'total_users': 15, 'page': 1, 'per_page': 20, 'filtered_by_role': None, 'filtered_by_department': None, 'search_term': ''}
2026-04-01 00:50:33,042 - enhanced_business - INFO - projects_listed - USER:18 - {'total_projects': 3, 'page': 1, 'per_page': 20, 'filtered_by_status': None, 'filtered_by_manager': None, 'search_term': '', 'only_my_projects': False}
2026-04-01 00:50:33,110 - enhanced_business - INFO - 获取仪表盘统计 - USER:18 - {'my_tasks': 0, 'overdue_tasks': 0, 'my_bugs': 0, 'new_bugs': 487, 'fixed_bugs': 2, 'active_projects': 3, 'my_completion_rate': 0, 'days': 30}
2026-04-01 00:54:40,788 - enhanced_business - INFO - projects_listed - USER:1 - {'total_projects': 4, 'page': 1, 'per_page': 20, 'filtered_by_status': None, 'filtered_by_manager': None, 'search_term': '', 'only_my_projects': False}
2026-04-01 00:54:40,841 - enhanced_business - INFO - 获取仪表盘统计 - USER:1 - {'my_tasks': 0, 'overdue_tasks': 0, 'my_bugs': 8, 'new_bugs': 490, 'fixed_bugs': 2, 'active_projects': 4, 'my_completion_rate': 0, 'days': 30}
2026-04-01 00:54:59,319 - enhanced_business - INFO - users_listed - USER:1 - {'total_users': 15, 'page': 1, 'per_page': 20, 'filtered_by_role': None, 'filtered_by_department': None, 'search_term': ''}
2026-04-01 02:03:30,733 - enhanced_business - INFO - projects_listed - USER:1 - {'total_projects': 4, 'page': 1, 'per_page': 20, 'filtered_by_status': None, 'filtered_by_manager': None, 'search_term': '', 'only_my_projects': False}
2026-04-01 02:03:30,762 - enhanced_business - INFO - 获取仪表盘统计 - USER:1 - {'my_tasks': 0, 'overdue_tasks': 0, 'my_bugs': 8, 'new_bugs': 490, 'fixed_bugs': 2, 'active_projects': 4, 'my_completion_rate': 0, 'days': 30}
2026-04-01 02:04:04,725 - enhanced_business - INFO - projects_listed - USER:1 - {'total_projects': 4, 'page': 1, 'per_page': 20, 'filtered_by_status': None, 'filtered_by_manager': None, 'search_term': '', 'only_my_projects': False}
2026-04-01 02:04:04,772 - enhanced_business - INFO - 获取仪表盘统计 - USER:1 - {'my_tasks': 0, 'overdue_tasks': 0, 'my_bugs': 8, 'new_bugs': 490, 'fixed_bugs': 2, 'active_projects': 4, 'my_completion_rate': 0, 'days': 30}
2026-04-01 02:04:19,963 - enhanced_business - INFO - projects_listed - USER:1 - {'total_projects': 4, 'page': 1, 'per_page': 20, 'filtered_by_status': None, 'filtered_by_manager': None, 'search_term': '', 'only_my_projects': False}
2026-04-01 02:04:19,995 - enhanced_business - INFO - 获取仪表盘统计 - USER:1 - {'my_tasks': 0, 'overdue_tasks': 0, 'my_bugs': 8, 'new_bugs': 490, 'fixed_bugs': 2, 'active_projects': 4, 'my_completion_rate': 0, 'days': 30}
2026-04-01 02:09:32,168 - enhanced_business - INFO - projects_listed - USER:1 - {'total_projects': 4, 'page': 1, 'per_page': 20, 'filtered_by_status': None, 'filtered_by_manager': None, 'search_term': '', 'only_my_projects': False}
2026-04-01 02:09:32,207 - enhanced_business - INFO - 获取仪表盘统计 - USER:1 - {'my_tasks': 0, 'overdue_tasks': 0, 'my_bugs': 8, 'new_bugs': 490, 'fixed_bugs': 2, 'active_projects': 4, 'my_completion_rate': 0, 'days': 30}
2026-04-01 02:10:14,652 - enhanced_business - INFO - projects_listed - USER:1 - {'total_projects': 4, 'page': 1, 'per_page': 20, 'filtered_by_status': None, 'filtered_by_manager': None, 'search_term': '', 'only_my_projects': False}
2026-04-01 02:10:14,687 - enhanced_business - INFO - 获取仪表盘统计 - USER:1 - {'my_tasks': 0, 'overdue_tasks': 0, 'my_bugs': 8, 'new_bugs': 490, 'fixed_bugs': 2, 'active_projects': 4, 'my_completion_rate': 0, 'days': 30}
2026-04-01 02:47:42,749 - enhanced_business - INFO - projects_listed - USER:1 - {'total_projects': 4, 'page': 1, 'per_page': 20, 'filtered_by_status': None, 'filtered_by_manager': None, 'search_term': '', 'only_my_projects': False}
2026-04-01 02:47:42,782 - enhanced_business - INFO - 获取仪表盘统计 - USER:1 - {'my_tasks': 0, 'overdue_tasks': 0, 'my_bugs': 8, 'new_bugs': 490, 'fixed_bugs': 2, 'active_projects': 4, 'my_completion_rate': 0, 'days': 30}
2026-04-01 02:52:26,447 - enhanced_business - INFO - projects_listed - USER:18 - {'total_projects': 3, 'page': 1, 'per_page': 20, 'filtered_by_status': None, 'filtered_by_manager': None, 'search_term': '', 'only_my_projects': False}
2026-04-01 02:52:26,486 - enhanced_business - INFO - 获取仪表盘统计 - USER:18 - {'my_tasks': 0, 'overdue_tasks': 0, 'my_bugs': 0, 'new_bugs': 487, 'fixed_bugs': 2, 'active_projects': 3, 'my_completion_rate': 0, 'days': 30}
2026-04-01 02:52:43,582 - enhanced_business - INFO - projects_listed - USER:18 - {'total_projects': 3, 'page': 1, 'per_page': 20, 'filtered_by_status': None, 'filtered_by_manager': None, 'search_term': '', 'only_my_projects': False}
2026-04-01 02:52:43,618 - enhanced_business - INFO - 获取仪表盘统计 - USER:18 - {'my_tasks': 0, 'overdue_tasks': 0, 'my_bugs': 0, 'new_bugs': 487, 'fixed_bugs': 2, 'active_projects': 3, 'my_completion_rate': 0, 'days': 30}
2026-04-01 02:53:25,738 - enhanced_business - INFO - projects_listed - USER:18 - {'total_projects': 3, 'page': 1, 'per_page': 20, 'filtered_by_status': None, 'filtered_by_manager': None, 'search_term': '', 'only_my_projects': False}
2026-04-01 02:53:25,769 - enhanced_business - INFO - 获取仪表盘统计 - USER:18 - {'my_tasks': 0, 'overdue_tasks': 0, 'my_bugs': 0, 'new_bugs': 487, 'fixed_bugs': 2, 'active_projects': 3, 'my_completion_rate': 0, 'days': 30}
2026-04-01 02:53:35,546 - enhanced_business - INFO - projects_listed - USER:1 - {'total_projects': 4, 'page': 1, 'per_page': 20, 'filtered_by_status': None, 'filtered_by_manager': None, 'search_term': '', 'only_my_projects': False}
2026-04-01 02:53:35,577 - enhanced_business - INFO - 获取仪表盘统计 - USER:1 - {'my_tasks': 0, 'overdue_tasks': 0, 'my_bugs': 8, 'new_bugs': 490, 'fixed_bugs': 2, 'active_projects': 4, 'my_completion_rate': 0, 'days': 30}
2026-04-01 02:53:38,012 - enhanced_business - INFO - users_listed - USER:1 - {'total_users': 15, 'page': 1, 'per_page': 20, 'filtered_by_department': None, 'search_term': ''}
2026-04-01 03:01:26,127 - enhanced_business - INFO - users_listed - USER:1 - {'total_users': 15, 'page': 1, 'per_page': 20, 'filtered_by_department': None, 'search_term': ''}
2026-04-01 03:01:26,975 - enhanced_business - INFO - projects_listed - USER:1 - {'total_projects': 4, 'page': 1, 'per_page': 20, 'filtered_by_status': None, 'filtered_by_manager': None, 'search_term': '', 'only_my_projects': False}
2026-04-01 03:01:27,025 - enhanced_business - INFO - 获取仪表盘统计 - USER:1 - {'my_tasks': 0, 'overdue_tasks': 0, 'my_bugs': 8, 'new_bugs': 490, 'fixed_bugs': 2, 'active_projects': 4, 'my_completion_rate': 0, 'days': 30}
2026-04-01 03:01:43,937 - enhanced_business - INFO - projects_listed - USER:18 - {'total_projects': 3, 'page': 1, 'per_page': 20, 'filtered_by_status': None, 'filtered_by_manager': None, 'search_term': '', 'only_my_projects': False}
2026-04-01 03:01:43,975 - enhanced_business - INFO - 获取仪表盘统计 - USER:18 - {'my_tasks': 0, 'overdue_tasks': 0, 'my_bugs': 0, 'new_bugs': 487, 'fixed_bugs': 2, 'active_projects': 3, 'my_completion_rate': 0, 'days': 30}
2026-04-01 03:03:34,603 - enhanced_business - INFO - projects_listed - USER:18 - {'total_projects': 3, 'page': 1, 'per_page': 20, 'filtered_by_status': None, 'filtered_by_manager': None, 'search_term': '', 'only_my_projects': False}
2026-04-01 03:03:34,645 - enhanced_business - INFO - 获取仪表盘统计 - USER:18 - {'my_tasks': 0, 'overdue_tasks': 0, 'my_bugs': 0, 'new_bugs': 487, 'fixed_bugs': 2, 'active_projects': 3, 'my_completion_rate': 0, 'days': 30}
2026-04-01 03:03:35,880 - enhanced_business - INFO - projects_listed - USER:18 - {'total_projects': 3, 'page': 1, 'per_page': 100, 'filtered_by_status': None, 'filtered_by_manager': None, 'search_term': '', 'only_my_projects': False}
2026-04-01 03:03:57,098 - enhanced_business - INFO - projects_listed - USER:18 - {'total_projects': 3, 'page': 1, 'per_page': 20, 'filtered_by_status': None, 'filtered_by_manager': None, 'search_term': '', 'only_my_projects': False}
2026-04-01 03:03:57,125 - enhanced_business - INFO - 获取仪表盘统计 - USER:18 - {'my_tasks': 0, 'overdue_tasks': 0, 'my_bugs': 0, 'new_bugs': 487, 'fixed_bugs': 2, 'active_projects': 3, 'my_completion_rate': 0, 'days': 30}
2026-04-01 03:22:13,443 - enhanced_business - INFO - projects_listed - USER:18 - {'total_projects': 3, 'page': 1, 'per_page': 20, 'filtered_by_status': None, 'filtered_by_manager': None, 'search_term': '', 'only_my_projects': False}
2026-04-01 03:22:13,490 - enhanced_business - INFO - 获取仪表盘统计 - USER:18 - {'my_tasks': 0, 'overdue_tasks': 0, 'my_bugs': 0, 'new_bugs': 487, 'fixed_bugs': 2, 'active_projects': 3, 'my_completion_rate': 0, 'days': 30}
2026-04-01 03:33:07,392 - enhanced_business - INFO - projects_listed - USER:18 - {'total_projects': 3, 'page': 1, 'per_page': 20, 'filtered_by_status': None, 'filtered_by_manager': None, 'search_term': '', 'only_my_projects': False}
2026-04-01 03:33:07,432 - enhanced_business - INFO - 获取仪表盘统计 - USER:18 - {'my_tasks': 0, 'overdue_tasks': 0, 'my_bugs': 0, 'new_bugs': 487, 'fixed_bugs': 2, 'active_projects': 3, 'my_completion_rate': 0, 'days': 30}
2026-04-01 03:39:47,719 - enhanced_business - INFO - projects_listed - USER:18 - {'total_projects': 3, 'page': 1, 'per_page': 20, 'filtered_by_status': None, 'filtered_by_manager': None, 'search_term': '', 'only_my_projects': False}
2026-04-01 03:39:47,759 - enhanced_business - INFO - 获取仪表盘统计 - USER:18 - {'my_tasks': 0, 'overdue_tasks': 0, 'my_bugs': 0, 'new_bugs': 487, 'fixed_bugs': 2, 'active_projects': 3, 'my_completion_rate': 0, 'days': 30}
2026-04-01 03:44:10,132 - enhanced_business - INFO - projects_listed - USER:1 - {'total_projects': 4, 'page': 1, 'per_page': 20, 'filtered_by_status': None, 'filtered_by_manager': None, 'search_term': '', 'only_my_projects': False}
2026-04-01 03:44:10,176 - enhanced_business - INFO - 获取仪表盘统计 - USER:1 - {'my_tasks': 0, 'overdue_tasks': 0, 'my_bugs': 8, 'new_bugs': 490, 'fixed_bugs': 2, 'active_projects': 4, 'my_completion_rate': 0, 'days': 30}
2026-04-01 03:44:15,428 - enhanced_business - INFO - projects_listed - USER:1 - {'total_projects': 4, 'page': 1, 'per_page': 20, 'filtered_by_status': None, 'filtered_by_manager': None, 'search_term': '', 'only_my_projects': False}
2026-04-01 03:44:15,460 - enhanced_business - INFO - 获取仪表盘统计 - USER:1 - {'my_tasks': 0, 'overdue_tasks': 0, 'my_bugs': 8, 'new_bugs': 490, 'fixed_bugs': 2, 'active_projects': 4, 'my_completion_rate': 0, 'days': 30}
2026-04-01 03:44:19,093 - enhanced_business - INFO - projects_listed - USER:18 - {'total_projects': 3, 'page': 1, 'per_page': 20, 'filtered_by_status': None, 'filtered_by_manager': None, 'search_term': '', 'only_my_projects': False}
2026-04-01 03:44:19,127 - enhanced_business - INFO - 获取仪表盘统计 - USER:18 - {'my_tasks': 0, 'overdue_tasks': 0, 'my_bugs': 0, 'new_bugs': 487, 'fixed_bugs': 2, 'active_projects': 3, 'my_completion_rate': 0, 'days': 30}
2026-04-01 03:45:15,746 - enhanced_business - INFO - projects_listed - USER:18 - {'total_projects': 3, 'page': 1, 'per_page': 20, 'filtered_by_status': None, 'filtered_by_manager': None, 'search_term': '', 'only_my_projects': False}
2026-04-01 03:45:15,783 - enhanced_business - INFO - 获取仪表盘统计 - USER:18 - {'my_tasks': 0, 'overdue_tasks': 0, 'my_bugs': 0, 'new_bugs': 487, 'fixed_bugs': 2, 'active_projects': 3, 'my_completion_rate': 0, 'days': 30}
2026-04-01 03:45:19,817 - enhanced_business - INFO - projects_listed - USER:18 - {'total_projects': 3, 'page': 1, 'per_page': 20, 'filtered_by_status': None, 'filtered_by_manager': None, 'search_term': '', 'only_my_projects': False}
2026-04-01 03:45:19,854 - enhanced_business - INFO - 获取仪表盘统计 - USER:18 - {'my_tasks': 0, 'overdue_tasks': 0, 'my_bugs': 0, 'new_bugs': 487, 'fixed_bugs': 2, 'active_projects': 3, 'my_completion_rate': 0, 'days': 30}
2026-04-01 03:45:21,546 - enhanced_business - INFO - projects_listed - USER:18 - {'total_projects': 3, 'page': 1, 'per_page': 100, 'filtered_by_status': None, 'filtered_by_manager': None, 'search_term': '', 'only_my_projects': False}
2026-04-01 03:48:59,787 - enhanced_business - INFO - projects_listed - USER:18 - {'total_projects': 3, 'page': 1, 'per_page': 100, 'filtered_by_status': None, 'filtered_by_manager': None, 'search_term': '', 'only_my_projects': False}
2026-04-01 03:49:04,186 - enhanced_business - INFO - projects_listed - USER:18 - {'total_projects': 3, 'page': 1, 'per_page': 100, 'filtered_by_status': None, 'filtered_by_manager': None, 'search_term': '', 'only_my_projects': False}
2026-04-01 03:49:05,090 - enhanced_business - INFO - projects_listed - USER:18 - {'total_projects': 3, 'page': 1, 'per_page': 100, 'filtered_by_status': None, 'filtered_by_manager': None, 'search_term': '', 'only_my_projects': False}
2026-04-01 03:49:05,837 - enhanced_business - INFO - projects_listed - USER:18 - {'total_projects': 3, 'page': 1, 'per_page': 100, 'filtered_by_status': None, 'filtered_by_manager': None, 'search_term': '', 'only_my_projects': False}
2026-04-01 03:54:34,512 - enhanced_business - INFO - projects_listed - USER:18 - {'total_projects': 3, 'page': 1, 'per_page': 100, 'filtered_by_status': None, 'filtered_by_manager': None, 'search_term': '', 'only_my_projects': False}
2026-04-01 03:54:39,202 - enhanced_business - INFO - projects_listed - USER:18 - {'total_projects': 3, 'page': 1, 'per_page': 100, 'filtered_by_status': None, 'filtered_by_manager': None, 'search_term': '', 'only_my_projects': False}
2026-04-01 03:54:43,276 - enhanced_business - INFO - projects_listed - USER:18 - {'total_projects': 3, 'page': 1, 'per_page': 20, 'filtered_by_status': None, 'filtered_by_manager': None, 'search_term': '', 'only_my_projects': False}
2026-04-01 03:54:43,304 - enhanced_business - INFO - 获取仪表盘统计 - USER:18 - {'my_tasks': 0, 'overdue_tasks': 0, 'my_bugs': 0, 'new_bugs': 487, 'fixed_bugs': 2, 'active_projects': 3, 'my_completion_rate': 0, 'days': 30}
2026-04-01 05:13:15,851 - enhanced_business - INFO - projects_listed - USER:1 - {'total_projects': 4, 'page': 1, 'per_page': 20, 'filtered_by_status': None, 'filtered_by_manager': None, 'search_term': '', 'only_my_projects': False}
2026-04-01 05:13:15,895 - enhanced_business - INFO - 获取仪表盘统计 - USER:1 - {'my_tasks': 0, 'overdue_tasks': 0, 'my_bugs': 8, 'new_bugs': 490, 'fixed_bugs': 2, 'active_projects': 4, 'my_completion_rate': 0, 'days': 30}
2026-04-01 05:13:17,737 - enhanced_business - INFO - users_listed - USER:1 - {'total_users': 15, 'page': 1, 'per_page': 20, 'filtered_by_department': None, 'search_term': ''}
2026-04-01 05:13:26,184 - enhanced_business - INFO - projects_listed - USER:1 - {'total_projects': 4, 'page': 1, 'per_page': 20, 'filtered_by_status': None, 'filtered_by_manager': None, 'search_term': '', 'only_my_projects': False}
2026-04-01 05:13:26,225 - enhanced_business - INFO - 获取仪表盘统计 - USER:1 - {'my_tasks': 0, 'overdue_tasks': 0, 'my_bugs': 8, 'new_bugs': 490, 'fixed_bugs': 2, 'active_projects': 4, 'my_completion_rate': 0, 'days': 30}
2026-04-01 06:29:12,118 - enhanced_business - INFO - projects_listed - USER:1 - {'total_projects': 4, 'page': 1, 'per_page': 20, 'filtered_by_status': None, 'filtered_by_manager': None, 'search_term': '', 'only_my_projects': False}
2026-04-01 06:29:12,185 - enhanced_business - INFO - 获取仪表盘统计 - USER:1 - {'my_tasks': 0, 'overdue_tasks': 0, 'my_bugs': 8, 'new_bugs': 490, 'fixed_bugs': 2, 'active_projects': 4, 'my_completion_rate': 0, 'days': 30}
